# JRE version: Java(TM) SE Runtime Environment (14.0.1+7) (build 14.0.1+7)
# Java VM: Java HotSpot(TM) 64-Bit Server VM (14.0.1+7, mixed mode, sharing, tiered, compressed oops, g1 gc, windows-amd64)
Heap:
 garbage-first heap   total 131072K, used 19789K [0x0000000081e00000, 0x0000000100000000)
  region size 1024K, 6 young (6144K), 5 survivors (5120K)
 Metaspace       used 20090K, capacity 20805K, committed 20864K, reserved 1067008K
  class space    used 2118K, capacity 2401K, committed 2432K, reserved 1048576K
GC Heap History (10 events):
Event: 1.053 GC heap before
{Heap before GC invocations=0 (full 0):
 garbage-first heap   total 131072K, used 12288K [0x0000000081e00000, 0x0000000100000000)
  region size 1024K, 13 young (13312K), 0 survivors (0K)
 Metaspace       used 7424K, capacity 7876K, committed 7936K, reserved 1056768K
  class space    used 846K, capacity 1003K, committed 1024K, reserved 1048576K
}
Event: 1.064 GC heap after
{Heap after GC invocations=1 (full 0):
 garbage-first heap   total 131072K, used 3993K [0x0000000081e00000, 0x0000000100000000)
  region size 1024K, 2 young (2048K), 2 survivors (2048K)
 Metaspace       used 7424K, capacity 7876K, committed 7936K, reserved 1056768K
  class space    used 846K, capacity 1003K, committed 1024K, reserved 1048576K
}
Event: 1.937 GC heap before
{Heap before GC invocations=1 (full 0):
 garbage-first heap   total 131072K, used 15257K [0x0000000081e00000, 0x0000000100000000)
  region size 1024K, 14 young (14336K), 2 survivors (2048K)
 Metaspace       used 10921K, capacity 11511K, committed 11776K, reserved 1058816K
  class space    used 1231K, capacity 1450K, committed 1536K, reserved 1048576K
}
Event: 1.952 GC heap after
{Heap after GC invocations=2 (full 0):
 garbage-first heap   total 131072K, used 5797K [0x0000000081e00000, 0x0000000100000000)
  region size 1024K, 2 young (2048K), 2 survivors (2048K)
 Metaspace       used 10921K, capacity 11511K, committed 11776K, reserved 1058816K
  class space    used 1231K, capacity 1450K, committed 1536K, reserved 1048576K
}
Event: 3.113 GC heap before
{Heap before GC invocations=2 (full 0):
 garbage-first heap   total 131072K, used 26277K [0x0000000081e00000, 0x0000000100000000)
  region size 1024K, 23 young (23552K), 2 survivors (2048K)
 Metaspace       used 13393K, capacity 13960K, committed 14080K, reserved 1060864K
  class space    used 1466K, capacity 1679K, committed 1792K, reserved 1048576K
}
Event: 3.125 GC heap after
{Heap after GC invocations=3 (full 0):
 garbage-first heap   total 131072K, used 7415K [0x0000000081e00000, 0x0000000100000000)
  region size 1024K, 2 young (2048K), 2 survivors (2048K)
 Metaspace       used 13393K, capacity 13960K, committed 14080K, reserved 1060864K
  class space    used 1466K, capacity 1679K, committed 1792K, reserved 1048576K
}
Event: 4.711 GC heap before
{Heap before GC invocations=3 (full 0):
 garbage-first heap   total 131072K, used 83191K [0x0000000081e00000, 0x0000000100000000)
  region size 1024K, 76 young (77824K), 2 survivors (2048K)
 Metaspace       used 14240K, capacity 14867K, committed 15104K, reserved 1062912K
  class space    used 1543K, capacity 1786K, committed 1792K, reserved 1048576K
}
Event: 4.719 GC heap after
{Heap after GC invocations=4 (full 0):
 garbage-first heap   total 131072K, used 9549K [0x0000000081e00000, 0x0000000100000000)
  region size 1024K, 4 young (4096K), 4 survivors (4096K)
 Metaspace       used 14240K, capacity 14867K, committed 15104K, reserved 1062912K
  class space    used 1543K, capacity 1786K, committed 1792K, reserved 1048576K
}
Event: 19.135 GC heap before
{Heap before GC invocations=4 (full 0):
 garbage-first heap   total 131072K, used 96589K [0x0000000081e00000, 0x0000000100000000)
  region size 1024K, 76 young (77824K), 4 survivors (4096K)
 Metaspace       used 20004K, capacity 20741K, committed 20864K, reserved 1067008K
  class space    used 2110K, capacity 2401K, committed 2432K, reserved 1048576K
}
Event: 19.143 GC heap after
{Heap after GC invocations=5 (full 0):
 garbage-first heap   total 131072K, used 19789K [0x0000000081e00000, 0x0000000100000000)
  region size 1024K, 5 young (5120K), 5 survivors (5120K)
 Metaspace       used 20004K, capacity 20741K, committed 20864K, reserved 1067008K
  class space    used 2110K, capacity 2401K, committed 2432K, reserved 1048576K
}

