# JRE version: Java(TM) SE Runtime Environment (14.0.1+7) (build 14.0.1+7)
# Java VM: Java HotSpot(TM) 64-Bit Server VM (14.0.1+7, mixed mode, sharing, tiered, compressed oops, g1 gc, windows-amd64)
Heap:
 garbage-first heap   total 131072K, used 93874K [0x0000000081e00000, 0x0000000100000000)
  region size 1024K, 76 young (77824K), 5 survivors (5120K)
 Metaspace       used 19969K, capacity 20690K, committed 20864K, reserved 1067008K
  class space    used 2116K, capacity 2402K, committed 2432K, reserved 1048576K
GC Heap History (8 events):
Event: 1.189 GC heap before
{Heap before GC invocations=0 (full 0):
 garbage-first heap   total 131072K, used 12288K [0x0000000081e00000, 0x0000000100000000)
  region size 1024K, 13 young (13312K), 0 survivors (0K)
 Metaspace       used 7440K, capacity 7876K, committed 7936K, reserved 1056768K
  class space    used 845K, capacity 1003K, committed 1024K, reserved 1048576K
}
Event: 1.201 GC heap after
{Heap after GC invocations=1 (full 0):
 garbage-first heap   total 131072K, used 3993K [0x0000000081e00000, 0x0000000100000000)
  region size 1024K, 2 young (2048K), 2 survivors (2048K)
 Metaspace       used 7440K, capacity 7876K, committed 7936K, reserved 1056768K
  class space    used 845K, capacity 1003K, committed 1024K, reserved 1048576K
}
Event: 2.232 GC heap before
{Heap before GC invocations=1 (full 0):
 garbage-first heap   total 131072K, used 15257K [0x0000000081e00000, 0x0000000100000000)
  region size 1024K, 14 young (14336K), 2 survivors (2048K)
 Metaspace       used 10912K, capacity 11446K, committed 11776K, reserved 1058816K
  class space    used 1230K, capacity 1450K, committed 1536K, reserved 1048576K
}
Event: 2.249 GC heap after
{Heap after GC invocations=2 (full 0):
 garbage-first heap   total 131072K, used 5867K [0x0000000081e00000, 0x0000000100000000)
  region size 1024K, 2 young (2048K), 2 survivors (2048K)
 Metaspace       used 10912K, capacity 11446K, committed 11776K, reserved 1058816K
  class space    used 1230K, capacity 1450K, committed 1536K, reserved 1048576K
}
Event: 5.044 GC heap before
{Heap before GC invocations=2 (full 0):
 garbage-first heap   total 131072K, used 25323K [0x0000000081e00000, 0x0000000100000000)
  region size 1024K, 22 young (22528K), 2 survivors (2048K)
 Metaspace       used 13226K, capacity 13826K, committed 14080K, reserved 1060864K
  class space    used 1452K, capacity 1677K, committed 1792K, reserved 1048576K
}
Event: 5.055 GC heap after
{Heap after GC invocations=3 (full 0):
 garbage-first heap   total 131072K, used 7266K [0x0000000081e00000, 0x0000000100000000)
  region size 1024K, 2 young (2048K), 2 survivors (2048K)
 Metaspace       used 13226K, capacity 13826K, committed 14080K, reserved 1060864K
  class space    used 1452K, capacity 1677K, committed 1792K, reserved 1048576K
}
Event: 7.377 GC heap before
{Heap before GC invocations=3 (full 0):
 garbage-first heap   total 131072K, used 83042K [0x0000000081e00000, 0x0000000100000000)
  region size 1024K, 76 young (77824K), 2 survivors (2048K)
 Metaspace       used 14984K, capacity 15571K, committed 15744K, reserved 1062912K
  class space    used 1632K, capacity 1850K, committed 1920K, reserved 1048576K
}
Event: 7.385 GC heap after
{Heap after GC invocations=4 (full 0):
 garbage-first heap   total 131072K, used 9906K [0x0000000081e00000, 0x0000000100000000)
  region size 1024K, 5 young (5120K), 5 survivors (5120K)
 Metaspace       used 14984K, capacity 15571K, committed 15744K, reserved 1062912K
  class space    used 1632K, capacity 1850K, committed 1920K, reserved 1048576K
}

