# JRE version: Java(TM) SE Runtime Environment (14.0.1+7) (build 14.0.1+7)
# Java VM: Java HotSpot(TM) 64-Bit Server VM (14.0.1+7, mixed mode, sharing, tiered, compressed oops, g1 gc, windows-amd64)
Heap:
 garbage-first heap   total 131072K, used 94597K [0x0000000081e00000, 0x0000000100000000)
  region size 1024K, 75 young (76800K), 4 survivors (4096K)
 Metaspace       used 19891K, capacity 20619K, committed 20864K, reserved 1067008K
  class space    used 2106K, capacity 2401K, committed 2432K, reserved 1048576K
GC Heap History (8 events):
Event: 1.156 GC heap before
{Heap before GC invocations=0 (full 0):
 garbage-first heap   total 131072K, used 13312K [0x0000000081e00000, 0x0000000100000000)
  region size 1024K, 13 young (13312K), 0 survivors (0K)
 Metaspace       used 7432K, capacity 7872K, committed 7936K, reserved 1056768K
  class space    used 845K, capacity 1003K, committed 1024K, reserved 1048576K
}
Event: 1.169 GC heap after
{Heap after GC invocations=1 (full 0):
 garbage-first heap   total 131072K, used 3989K [0x0000000081e00000, 0x0000000100000000)
  region size 1024K, 2 young (2048K), 2 survivors (2048K)
 Metaspace       used 7432K, capacity 7872K, committed 7936K, reserved 1056768K
  class space    used 845K, capacity 1003K, committed 1024K, reserved 1048576K
}
Event: 2.150 GC heap before
{Heap before GC invocations=1 (full 0):
 garbage-first heap   total 131072K, used 16277K [0x0000000081e00000, 0x0000000100000000)
  region size 1024K, 14 young (14336K), 2 survivors (2048K)
 Metaspace       used 10891K, capacity 11504K, committed 11776K, reserved 1058816K
  class space    used 1229K, capacity 1449K, committed 1536K, reserved 1048576K
}
Event: 2.162 GC heap after
{Heap after GC invocations=2 (full 0):
 garbage-first heap   total 131072K, used 5789K [0x0000000081e00000, 0x0000000100000000)
  region size 1024K, 2 young (2048K), 2 survivors (2048K)
 Metaspace       used 10891K, capacity 11504K, committed 11776K, reserved 1058816K
  class space    used 1229K, capacity 1449K, committed 1536K, reserved 1048576K
}
Event: 3.781 GC heap before
{Heap before GC invocations=2 (full 0):
 garbage-first heap   total 131072K, used 26269K [0x0000000081e00000, 0x0000000100000000)
  region size 1024K, 23 young (23552K), 2 survivors (2048K)
 Metaspace       used 13387K, capacity 13959K, committed 14080K, reserved 1060864K
  class space    used 1464K, capacity 1679K, committed 1792K, reserved 1048576K
}
Event: 3.793 GC heap after
{Heap after GC invocations=3 (full 0):
 garbage-first heap   total 131072K, used 8022K [0x0000000081e00000, 0x0000000100000000)
  region size 1024K, 3 young (3072K), 3 survivors (3072K)
 Metaspace       used 13387K, capacity 13959K, committed 14080K, reserved 1060864K
  class space    used 1464K, capacity 1679K, committed 1792K, reserved 1048576K
}
Event: 5.249 GC heap before
{Heap before GC invocations=3 (full 0):
 garbage-first heap   total 131072K, used 82774K [0x0000000081e00000, 0x0000000100000000)
  region size 1024K, 76 young (77824K), 3 survivors (3072K)
 Metaspace       used 14227K, capacity 14860K, committed 15104K, reserved 1062912K
  class space    used 1539K, capacity 1785K, committed 1792K, reserved 1048576K
}
Event: 5.259 GC heap after
{Heap after GC invocations=4 (full 0):
 garbage-first heap   total 131072K, used 9605K [0x0000000081e00000, 0x0000000100000000)
  region size 1024K, 4 young (4096K), 4 survivors (4096K)
 Metaspace       used 14227K, capacity 14860K, committed 15104K, reserved 1062912K
  class space    used 1539K, capacity 1785K, committed 1792K, reserved 1048576K
}

