# JRE version: Java(TM) SE Runtime Environment (14.0.1+7) (build 14.0.1+7)
# Java VM: Java HotSpot(TM) 64-Bit Server VM (14.0.1+7, mixed mode, sharing, tiered, compressed oops, g1 gc, windows-amd64)
Heap:
 garbage-first heap   total 131072K, used 92894K [0x0000000081e00000, 0x0000000100000000)
  region size 1024K, 75 young (76800K), 5 survivors (5120K)
 Metaspace       used 19938K, capacity 20684K, committed 20864K, reserved 1067008K
  class space    used 2108K, capacity 2402K, committed 2432K, reserved 1048576K
GC Heap History (8 events):
Event: 1.824 GC heap before
{Heap before GC invocations=0 (full 0):
 garbage-first heap   total 131072K, used 13312K [0x0000000081e00000, 0x0000000100000000)
  region size 1024K, 13 young (13312K), 0 survivors (0K)
 Metaspace       used 6866K, capacity 7353K, committed 7424K, reserved 1056768K
  class space    used 819K, capacity 1001K, committed 1024K, reserved 1048576K
}
Event: 1.847 GC heap after
{Heap after GC invocations=1 (full 0):
 garbage-first heap   total 131072K, used 4115K [0x0000000081e00000, 0x0000000100000000)
  region size 1024K, 2 young (2048K), 2 survivors (2048K)
 Metaspace       used 6866K, capacity 7353K, committed 7424K, reserved 1056768K
  class space    used 819K, capacity 1001K, committed 1024K, reserved 1048576K
}
Event: 3.883 GC heap before
{Heap before GC invocations=1 (full 0):
 garbage-first heap   total 131072K, used 16403K [0x0000000081e00000, 0x0000000100000000)
  region size 1024K, 14 young (14336K), 2 survivors (2048K)
 Metaspace       used 10889K, capacity 11447K, committed 11776K, reserved 1058816K
  class space    used 1230K, capacity 1450K, committed 1536K, reserved 1048576K
}
Event: 3.894 GC heap after
{Heap after GC invocations=2 (full 0):
 garbage-first heap   total 131072K, used 5841K [0x0000000081e00000, 0x0000000100000000)
  region size 1024K, 2 young (2048K), 2 survivors (2048K)
 Metaspace       used 10889K, capacity 11447K, committed 11776K, reserved 1058816K
  class space    used 1230K, capacity 1450K, committed 1536K, reserved 1048576K
}
Event: 5.457 GC heap before
{Heap before GC invocations=2 (full 0):
 garbage-first heap   total 131072K, used 27345K [0x0000000081e00000, 0x0000000100000000)
  region size 1024K, 24 young (24576K), 2 survivors (2048K)
 Metaspace       used 13488K, capacity 14036K, committed 14336K, reserved 1062912K
  class space    used 1469K, capacity 1681K, committed 1792K, reserved 1048576K
}
Event: 5.469 GC heap after
{Heap after GC invocations=3 (full 0):
 garbage-first heap   total 131072K, used 8289K [0x0000000081e00000, 0x0000000100000000)
  region size 1024K, 3 young (3072K), 3 survivors (3072K)
 Metaspace       used 13488K, capacity 14036K, committed 14336K, reserved 1062912K
  class space    used 1469K, capacity 1681K, committed 1792K, reserved 1048576K
}
Event: 6.956 GC heap before
{Heap before GC invocations=3 (full 0):
 garbage-first heap   total 131072K, used 83041K [0x0000000081e00000, 0x0000000100000000)
  region size 1024K, 76 young (77824K), 3 survivors (3072K)
 Metaspace       used 14287K, capacity 14873K, committed 15104K, reserved 1062912K
  class space    used 1541K, capacity 1787K, committed 1792K, reserved 1048576K
}
Event: 6.963 GC heap after
{Heap after GC invocations=4 (full 0):
 garbage-first heap   total 131072K, used 9950K [0x0000000081e00000, 0x0000000100000000)
  region size 1024K, 5 young (5120K), 5 survivors (5120K)
 Metaspace       used 14287K, capacity 14873K, committed 15104K, reserved 1062912K
  class space    used 1541K, capacity 1787K, committed 1792K, reserved 1048576K
}

